<?xml version="1.0" encoding="UTF-8"?>
<testng-results ignored="0" total="1" passed="1" failed="0" skipped="0">
  <reporter-output>
  </reporter-output>
  <suite started-at="2022-04-28T11:08:48 IST" name="Default suite" finished-at="2022-04-28T11:08:50 IST" duration-ms="2227">
    <groups>
    </groups>
    <test started-at="2022-04-28T11:08:48 IST" name="Default test" finished-at="2022-04-28T11:08:50 IST" duration-ms="2227">
      <class name="api_testing.RestAssured.AppTest">
        <test-method signature="test()[pri:0, instance:api_testing.RestAssured.AppTest@1f97cf0d]" started-at="2022-04-28T11:08:48 IST" name="test" finished-at="2022-04-28T11:08:50 IST" duration-ms="2138" status="PASS">
          <reporter-output>
          </reporter-output>
        </test-method> <!-- test -->
      </class> <!-- api_testing.RestAssured.AppTest -->
    </test> <!-- Default test -->
  </suite> <!-- Default suite -->
</testng-results>
